2026-03-13T01:00:00Z [BLUETEAM-MASTER] PIPELINE INITIATED | Incident ID: BT-2026-03-12-002 | Mission Ref: 2026-03-12-002 | Target: 10.10.30.130:3000 | Mode: artifact-analysis (no live eve.json — lab environment)
2026-03-13T01:00:05Z [BLUETEAM-MASTER] MISSION STATE LOADED | Status: completed | Phases completed: recon, scan, enum, exploit, postex, report | confirmed_exploit_count: 5/5
2026-03-13T01:00:10Z [BLUETEAM-MASTER] MONITORING PHASE | No Suricata eve.json available at /var/log/suricata/ — pivoting to artifact-analysis mode using mission exploit logs, timeline.log, and report artifacts
2026-03-13T01:00:15Z [BLUETEAM-MASTER] ALERT GENERATED: ALT-001 | SQL Injection Login Bypass | POST /rest/user/login | CRITICAL | EXP-01 confirmed
2026-03-13T01:00:15Z [BLUETEAM-MASTER] ALERT GENERATED: ALT-002 | Sensitive Data Exposure / FTP Open Directory | GET /ftp/ | HIGH | EXP-02 confirmed
2026-03-13T01:00:15Z [BLUETEAM-MASTER] ALERT GENERATED: ALT-003 | SQL Injection UNION Credential Dump | GET /rest/products/search | CRITICAL | EXP-03 confirmed
2026-03-13T01:00:15Z [BLUETEAM-MASTER] ALERT GENERATED: ALT-004 | Stored XSS Product Review | PUT /rest/products/1/reviews | HIGH | EXP-04 confirmed
2026-03-13T01:00:15Z [BLUETEAM-MASTER] ALERT GENERATED: ALT-005 | JWT Algorithm Confusion RS256->HS256 | Forged admin token | CRITICAL | EXP-05 confirmed
2026-03-13T01:00:15Z [BLUETEAM-MASTER] ALERT GENERATED: ALT-006 | Unauthenticated Admin Config Endpoint | GET /rest/admin/application-configuration | HIGH
2026-03-13T01:00:15Z [BLUETEAM-MASTER] ALERT GENERATED: ALT-007 | Open Directories | /encryptionkeys/ /support/logs /ftp/ | HIGH
2026-03-13T01:00:20Z [BLUETEAM-MASTER] DELEGATING: @blueteam-threat-analyst | alert_count: 7 | path: /home/jayrid/RedTeam/missions/juiceshop/2026-03-12-002
2026-03-13T01:05:00Z [BLUETEAM-THREAT-ANALYST] ANALYSIS COMPLETE | Severity: CRITICAL | Primary vector: JWT Algorithm Confusion (zero credential requirement) | Attack chain: 5-stage exploitation from open recon to full admin compromise | Blast radius: complete application compromise
2026-03-13T01:05:05Z [BLUETEAM-MASTER] THREAT ANALYSIS ACCEPTED | Delegating evidence collection
2026-03-13T01:05:10Z [BLUETEAM-MASTER] DELEGATING: @blueteam-evidence-collector | targets: exploit/*, recon/encryptionkeys.txt, enum/user_dump.txt, loot/incident-support.kdbx, scan/vulnerability_scan.txt, timeline.log
2026-03-13T01:10:00Z [BLUETEAM-EVIDENCE-COLLECTOR] COLLECTION COMPLETE | 12 artifacts indexed | loot confirmed: admin JWT x2 (SQLi + forged HS256), RSA public key, 22 MD5 hashes, KeePass DB, acquisitions.md, full app config, security Q&A answers
2026-03-13T01:10:05Z [BLUETEAM-MASTER] EVIDENCE COLLECTION ACCEPTED | Delegating report generation
2026-03-13T01:10:10Z [BLUETEAM-MASTER] DELEGATING: @blueteam-report-writer | incident_id: BT-2026-03-12-002
2026-03-13T01:10:10Z [BLUETEAM-MASTER] PIPELINE STATUS: monitoring=complete | analysis=complete | evidence_collection=complete | reporting=pending
2026-03-13T01:15:00Z [BLUETEAM-REPORT-WRITER] REPORT COMPLETE | Path: /home/jayrid/RedTeam/missions/juiceshop/2026-03-12-002/bt_incident_report.md | Findings: 7 (3 Critical, 4 High) | Remediations: 15 (5 P0, 5 P1, 5 P2)
2026-03-13T01:15:05Z [BLUETEAM-MASTER] PIPELINE COMPLETE | All 4 stages complete | Incident BT-2026-03-12-002 CLOSED
